[debug] [2025-04-09T03:09:38.468Z] ----------------------------------------------------------------------
[debug] [2025-04-09T03:09:38.478Z] Command:       C:\Program Files\nodejs\node.exe C:\Users\jeudy\AppData\Roaming\npm\node_modules\firebase-tools\lib\bin\firebase.js init
[debug] [2025-04-09T03:09:38.478Z] CLI Version:   14.1.0
[debug] [2025-04-09T03:09:38.478Z] Platform:      win32
[debug] [2025-04-09T03:09:38.479Z] Node Version:  v22.11.0
[debug] [2025-04-09T03:09:38.480Z] Time:          Wed Apr 09 2025 10:09:38 GMT+0700 (Indochina Time)
[debug] [2025-04-09T03:09:38.480Z] ----------------------------------------------------------------------
[debug] 
[debug] [2025-04-09T03:09:38.485Z] >>> [apiv2][query] GET https://firebase-public.firebaseio.com/cli.json [none]
[debug] [2025-04-09T03:09:38.548Z] > command requires scopes: ["email","openid","https://www.googleapis.com/auth/cloudplatformprojects.readonly","https://www.googleapis.com/auth/firebase","https://www.googleapis.com/auth/cloud-platform"]
[debug] [2025-04-09T03:09:38.548Z] > authorizing via signed-in user (pen.jeudy959@gmail.com)
[info] 
     ######## #### ########  ######## ########     ###     ######  ########
     ##        ##  ##     ## ##       ##     ##  ##   ##  ##       ##
     ######    ##  ########  ######   ########  #########  ######  ######
     ##        ##  ##    ##  ##       ##     ## ##     ##       ## ##
     ##       #### ##     ## ######## ########  ##     ##  ######  ########

You're about to initialize a Firebase project in this directory:

  D:\Mobile App\DGSmartlear-App\my-lms

[debug] [2025-04-09T03:09:39.123Z] <<< [apiv2][status] GET https://firebase-public.firebaseio.com/cli.json 200
[debug] [2025-04-09T03:09:39.124Z] <<< [apiv2][body] GET https://firebase-public.firebaseio.com/cli.json {"cloudBuildErrorAfter":1594252800000,"cloudBuildWarnAfter":1590019200000,"defaultNode10After":1594252800000,"minVersion":"3.0.5","node8DeploysDisabledAfter":1613390400000,"node8RuntimeDisabledAfter":1615809600000,"node8WarnAfter":1600128000000}
